<component name="libraryTable">
  <library name="junit">
    <CLASSES>
      <root url="file://$MAVEN_REPOSITORY$/junit" />
    </CLASSES>
    <JAVADOC />
    <SOURCES />
  </library>
</component>